<?xml version="1.0" encoding="UTF-8"?>
<!-- Generated by org.testng.reporters.JUnitReportReporter -->
<testsuite skipped="0" hostname="AnkitSaxena" name="Groupexecutiontest" tests="3" failures="0" timestamp="03 Jul 2019 17:36:51 GMT" time="0.030" errors="0">
  <testcase name="buyproduct" time="0.015" classname="Groupexecutiontest"/>
  <testcase name="payment" time="0.015" classname="Groupexecutiontest"/>
  <testcase name="login" time="0.000" classname="Groupexecutiontest"/>
</testsuite> <!-- Groupexecutiontest -->
