<?xml version="1.0" encoding="UTF-8"?>
<!-- Generated by org.testng.reporters.JUnitReportReporter -->
<testsuite skipped="0" hostname="AnkitSaxena" name="Priority" tests="3" failures="0" timestamp="29 Jun 2019 09:03:15 GMT" time="0.041" errors="0">
  <testcase name="dummy" time="0.041" classname="Priority"/>
  <testcase name="ssample" time="0.000" classname="Priority"/>
  <testcase name="demo" time="0.000" classname="Priority"/>
</testsuite> <!-- Priority -->
