<?xml version="1.0" encoding="UTF-8"?>
<!-- Generated by org.testng.reporters.JUnitReportReporter -->
<testsuite skipped="1" hostname="AnkitSaxena" name="Invocationcount" tests="2" failures="0" timestamp="30 Jun 2019 14:28:26 GMT" time="0.033" errors="0">
  <testcase name="ssample" time="0.033" classname="Invocationcount"/>
  <testcase name="demo" classname="Invocationcount">
    <skipped/>
  </testcase> <!-- demo -->
</testsuite> <!-- Invocationcount -->
