<?xml version="1.0" encoding="UTF-8"?>
<!-- Generated by org.testng.reporters.JUnitReportReporter -->
<testsuite skipped="0" hostname="AnkitSaxena" name="Endtoendtest" tests="1" failures="0" timestamp="02 Jul 2019 18:33:58 GMT" time="4.081" errors="0">
  <testcase name="createnewcoustomer" time="4.081" classname="Endtoendtest"/>
</testsuite> <!-- Endtoendtest -->
