<?xml version="1.0" encoding="UTF-8"?>
<!-- Generated by org.testng.reporters.JUnitReportReporter -->
<testsuite skipped="0" hostname="AnkitSaxena" name="multiple" tests="3" failures="0" timestamp="28 Jun 2019 17:06:00 GMT" time="0.044" errors="0">
  <testcase name="demo" time="0.015" classname="multiple"/>
  <testcase name="Sample" time="0.029" classname="multiple"/>
  <testcase name="dummy" time="0.000" classname="multiple"/>
</testsuite> <!-- multiple -->
