<?xml version="1.0" encoding="UTF-8"?>
<!-- Generated by org.testng.reporters.JUnitReportReporter -->
<testsuite skipped="0" hostname="AnkitSaxena" name="Annotation" tests="2" failures="0" timestamp="01 Jul 2019 18:12:05 GMT" time="0.016" errors="0">
  <testcase name="first" time="0.016" classname="Annotation"/>
  <testcase name="second" time="0.000" classname="Annotation"/>
</testsuite> <!-- Annotation -->
