<?xml version="1.0" encoding="UTF-8"?>
<!-- Generated by org.testng.reporters.JUnitReportReporter -->
<testsuite skipped="0" hostname="AnkitSaxena" name="Hardasserttest" tests="2" failures="0" timestamp="05 Jul 2019 18:11:47 GMT" time="14.248" errors="0">
  <testcase name="validlogin" time="8.284" classname="Hardasserttest"/>
  <testcase name="invalidlogin" time="5.964" classname="Hardasserttest"/>
</testsuite> <!-- Hardasserttest -->
