<?xml version="1.0" encoding="UTF-8"?>
<!-- Generated by org.testng.reporters.JUnitReportReporter -->
<testsuite skipped="0" hostname="AnkitSaxena" name="Actitime" tests="2" failures="0" timestamp="27 Sep 2020 12:29:11 GMT" time="0.032" errors="0">
  <testcase name="createnewcustomer" time="0.016" classname="Actitime"/>
  <testcase name="createnewproject" time="0.016" classname="Actitime"/>
</testsuite> <!-- Actitime -->
